Watching for file changes with StatReloader
Performing system checks...

System check identified some issues:

WARNINGS:
todos.Todo: (models.W042) Auto-created primary key used when not defining a primary key type, by default 'django.db.models.AutoField'.
	HINT: Configure the DEFAULT_AUTO_FIELD setting or the TodosConfig.default_auto_field attribute to point to a subclass of AutoField, e.g. 'django.db.models.BigAutoField'.

System check identified 1 issue (0 silenced).
February 12, 2023 - 12:36:15
Django version 4.1.6, using settings 'todoApp.settings'
Starting development server at http://0.0.0.0:8001/
Quit the server with CONTROL-C.
[12/Feb/2023 12:36:19] "GET /todos/24/delete HTTP/1.1" 302 0
[12/Feb/2023 12:36:19] "GET /todos/ HTTP/1.1" 200 4755
[12/Feb/2023 12:36:19] "GET /static/css/style.css HTTP/1.1" 304 0
[12/Feb/2023 12:36:22] "GET /todos/ HTTP/1.1" 200 4755
[12/Feb/2023 12:36:26] "POST /todos/add/ HTTP/1.1" 302 0
[12/Feb/2023 12:36:26] "GET /todos/ HTTP/1.1" 200 5330
[12/Feb/2023 12:36:29] "GET /todos/26/delete HTTP/1.1" 302 0
[12/Feb/2023 12:36:29] "GET /todos/ HTTP/1.1" 200 4755
[12/Feb/2023 12:40:44] "GET /todos/ HTTP/1.1" 200 4755
[12/Feb/2023 12:40:44] "GET /static/css/style.css HTTP/1.1" 304 0
Watching for file changes with StatReloader
Performing system checks...

System check identified some issues:

WARNINGS:
todos.Todo: (models.W042) Auto-created primary key used when not defining a primary key type, by default 'django.db.models.AutoField'.
	HINT: Configure the DEFAULT_AUTO_FIELD setting or the TodosConfig.default_auto_field attribute to point to a subclass of AutoField, e.g. 'django.db.models.BigAutoField'.

System check identified 1 issue (0 silenced).
February 12, 2023 - 12:44:23
Django version 4.1.6, using settings 'todoApp.settings'
Starting development server at http://0.0.0.0:8001/
Quit the server with CONTROL-C.
[12/Feb/2023 12:45:20] "GET /todos/ HTTP/1.1" 200 4755
[12/Feb/2023 12:45:20] "GET /static/css/style.css HTTP/1.1" 304 0
[12/Feb/2023 12:57:09] "GET /todos/ HTTP/1.1" 200 4755
[12/Feb/2023 12:57:09] "GET /static/css/style.css HTTP/1.1" 304 0
[12/Feb/2023 12:57:12] "GET /todos/23/delete HTTP/1.1" 302 0
[12/Feb/2023 12:57:12] "GET /todos/ HTTP/1.1" 200 4135
Watching for file changes with StatReloader
System check identified some issues:

WARNINGS:
todos.Todo: (models.W042) Auto-created primary key used when not defining a primary key type, by default 'django.db.models.AutoField'.
	HINT: Configure the DEFAULT_AUTO_FIELD setting or the TodosConfig.default_auto_field attribute to point to a subclass of AutoField, e.g. 'django.db.models.BigAutoField'.

System check identified 1 issue (0 silenced).
[12/Feb/2023 12:58:10] "GET /todos/ HTTP/1.1" 200 4755
[12/Feb/2023 12:58:10] "GET /todos/23/delete HTTP/1.1" 302 0
[12/Feb/2023 12:58:10] "GET /todos/ HTTP/1.1" 200 4135
[12/Feb/2023 12:58:12] "GET /todos/22/delete HTTP/1.1" 302 0
[12/Feb/2023 12:58:12] "GET /todos/ HTTP/1.1" 200 3515
[12/Feb/2023 12:58:17] "POST /todos/add/ HTTP/1.1" 302 0
[12/Feb/2023 12:58:17] "GET /todos/ HTTP/1.1" 200 4098
[12/Feb/2023 12:58:20] "GET /todos/27/delete HTTP/1.1" 302 0
[12/Feb/2023 12:58:20] "GET /todos/ HTTP/1.1" 200 3515
[12/Feb/2023 12:58:34] "GET /todos/ HTTP/1.1" 200 3515
[12/Feb/2023 13:02:19] "GET /todos/ HTTP/1.1" 200 3515
[12/Feb/2023 13:02:19] "GET /static/css/style.css HTTP/1.1" 304 0
[12/Feb/2023 13:02:21] "GET /todos/ HTTP/1.1" 200 3515
[12/Feb/2023 13:03:05] "GET /todos/ HTTP/1.1" 200 3515
